2023-08-17 00:16:48,711 INFO org.springframework.orm.jpa.AbstractEntityManagerFactoryBean [SpringApplicationShutdownHook] Closing JPA EntityManagerFactory for persistence unit 'default'
2023-08-17 00:16:48,713 INFO com.zaxxer.hikari.HikariDataSource [SpringApplicationShutdownHook] HikariPool-2 - Shutdown initiated...
2023-08-17 00:16:50,193 INFO com.zaxxer.hikari.HikariDataSource [SpringApplicationShutdownHook] HikariPool-2 - Shutdown completed.
2023-08-17 00:16:55,138 INFO org.springframework.boot.StartupInfoLogger [restartedMain] Starting ServerApplication using Java 19.0.1 on Wonjuns-MacBook.local with PID 86299 (/Users/wonjunlee/Documents/Academics/Fintech Internship files/PeerLock/Server/bin/main started by wonjunlee in /Users/wonjunlee/Documents/Academics/Fintech Internship files/PeerLock)
2023-08-17 00:16:55,139 DEBUG org.springframework.boot.StartupInfoLogger [restartedMain] Running with Spring Boot v2.7.14, Spring v5.3.29
2023-08-17 00:16:55,139 INFO org.springframework.boot.SpringApplication [restartedMain] The following 1 profile is active: "local"
2023-08-17 00:16:55,165 INFO org.springframework.boot.logging.DeferredLog [restartedMain] Devtools property defaults active! Set 'spring.devtools.add-properties' to 'false' to disable
2023-08-17 00:16:55,165 INFO org.springframework.boot.logging.DeferredLog [restartedMain] For additional web related logging consider setting the 'logging.level.web' property to 'DEBUG'
2023-08-17 00:16:55,451 INFO org.springframework.data.repository.config.RepositoryConfigurationDelegate [restartedMain] Multiple Spring Data modules found, entering strict repository configuration mode
2023-08-17 00:16:55,452 INFO org.springframework.data.repository.config.RepositoryConfigurationDelegate [restartedMain] Bootstrapping Spring Data JDBC repositories in DEFAULT mode.
2023-08-17 00:16:55,466 INFO org.springframework.data.repository.config.RepositoryConfigurationExtensionSupport [restartedMain] Spring Data JDBC - Could not safely identify store assignment for repository candidate interface com.fintech.Server.api.repository.StorageImageRepository; If you want this repository to be a JDBC repository, consider annotating your entities with one of these annotations: org.springframework.data.relational.core.mapping.Table.
2023-08-17 00:16:55,467 INFO org.springframework.data.repository.config.RepositoryConfigurationExtensionSupport [restartedMain] Spring Data JDBC - Could not safely identify store assignment for repository candidate interface com.fintech.Server.api.repository.StorageRepository; If you want this repository to be a JDBC repository, consider annotating your entities with one of these annotations: org.springframework.data.relational.core.mapping.Table.
2023-08-17 00:16:55,468 INFO org.springframework.data.repository.config.RepositoryConfigurationExtensionSupport [restartedMain] Spring Data JDBC - Could not safely identify store assignment for repository candidate interface com.fintech.Server.api.repository.UserRepository; If you want this repository to be a JDBC repository, consider annotating your entities with one of these annotations: org.springframework.data.relational.core.mapping.Table.
2023-08-17 00:16:55,468 INFO org.springframework.data.repository.config.RepositoryConfigurationDelegate [restartedMain] Finished Spring Data repository scanning in 14 ms. Found 0 JDBC repository interfaces.
2023-08-17 00:16:55,472 INFO org.springframework.data.repository.config.RepositoryConfigurationDelegate [restartedMain] Multiple Spring Data modules found, entering strict repository configuration mode
2023-08-17 00:16:55,472 INFO org.springframework.data.repository.config.RepositoryConfigurationDelegate [restartedMain] Bootstrapping Spring Data JPA repositories in DEFAULT mode.
2023-08-17 00:16:55,484 INFO org.springframework.data.repository.config.RepositoryConfigurationDelegate [restartedMain] Finished Spring Data repository scanning in 11 ms. Found 3 JPA repository interfaces.
2023-08-17 00:16:55,741 INFO org.springframework.boot.web.embedded.tomcat.TomcatWebServer [restartedMain] Tomcat initialized with port(s): 8080 (http)
2023-08-17 00:16:55,745 INFO org.apache.juli.logging.DirectJDKLog [restartedMain] Initializing ProtocolHandler ["http-nio-8080"]
2023-08-17 00:16:55,746 INFO org.apache.juli.logging.DirectJDKLog [restartedMain] Starting service [Tomcat]
2023-08-17 00:16:55,746 INFO org.apache.juli.logging.DirectJDKLog [restartedMain] Starting Servlet engine: [Apache Tomcat/9.0.78]
2023-08-17 00:16:55,789 INFO org.apache.juli.logging.DirectJDKLog [restartedMain] Initializing Spring embedded WebApplicationContext
2023-08-17 00:16:55,790 INFO org.springframework.boot.web.servlet.context.ServletWebServerApplicationContext [restartedMain] Root WebApplicationContext: initialization completed in 624 ms
2023-08-17 00:16:55,871 INFO org.hibernate.jpa.internal.util.LogHelper [restartedMain] HHH000204: Processing PersistenceUnitInfo [name: default]
2023-08-17 00:16:55,890 INFO org.hibernate.Version [restartedMain] HHH000412: Hibernate ORM core version 5.6.15.Final
2023-08-17 00:16:55,954 INFO org.hibernate.annotations.common.reflection.java.JavaReflectionManager [restartedMain] HCANN000001: Hibernate Commons Annotations {5.1.2.Final}
2023-08-17 00:16:55,998 INFO com.zaxxer.hikari.HikariDataSource [restartedMain] HikariPool-1 - Starting...
2023-08-17 00:16:57,653 INFO com.zaxxer.hikari.HikariDataSource [restartedMain] HikariPool-1 - Start completed.
2023-08-17 00:16:57,667 INFO org.hibernate.dialect.Dialect [restartedMain] HHH000400: Using dialect: org.hibernate.dialect.MySQL8Dialect
2023-08-17 00:16:59,625 INFO org.hibernate.engine.transaction.jta.platform.internal.JtaPlatformInitiator [restartedMain] HHH000490: Using JtaPlatform implementation: [org.hibernate.engine.transaction.jta.platform.internal.NoJtaPlatform]
2023-08-17 00:16:59,638 INFO org.springframework.orm.jpa.AbstractEntityManagerFactoryBean [restartedMain] Initialized JPA EntityManagerFactory for persistence unit 'default'
2023-08-17 00:16:59,888 WARN org.springframework.boot.autoconfigure.orm.jpa.JpaBaseConfiguration$JpaWebConfiguration [restartedMain] spring.jpa.open-in-view is enabled by default. Therefore, database queries may be performed during view rendering. Explicitly configure spring.jpa.open-in-view to disable this warning
